[2026-07-13 02:58:08Z INFO HostContext] No proxy settings were found based on environmental variables (http_proxy/https_proxy/HTTP_PROXY/HTTPS_PROXY)
[2026-07-13 02:58:08Z INFO HostContext] Well known directory 'Bin': '/actions-runner/bin'
[2026-07-13 02:58:08Z INFO HostContext] Well known directory 'Root': '/actions-runner'
[2026-07-13 02:58:08Z INFO HostContext] Well known config file 'Credentials': '/actions-runner/.credentials'
[2026-07-13 02:58:08Z INFO HostContext] Well known directory 'Bin': '/actions-runner/bin'
[2026-07-13 02:58:08Z INFO HostContext] Well known directory 'Root': '/actions-runner'
[2026-07-13 02:58:08Z INFO HostContext] Well known config file 'Runner': '/actions-runner/.runner'
[2026-07-13 02:58:08Z INFO Listener] Runner is built for Linux (X64) - linux-x64.
[2026-07-13 02:58:08Z INFO Listener] RuntimeInformation: Ubuntu 20.04.6 LTS.
[2026-07-13 02:58:08Z INFO Listener] Version: 2.335.1
[2026-07-13 02:58:08Z INFO Listener] Commit: 7d737449ef346f6524f75688d0c9c95fa10ba10a
[2026-07-13 02:58:08Z INFO Listener] Culture: en-US
[2026-07-13 02:58:08Z INFO Listener] UI Culture: en-US
[2026-07-13 02:58:08Z INFO HostContext] Well known directory 'Bin': '/actions-runner/bin'
[2026-07-13 02:58:08Z INFO HostContext] Well known directory 'Root': '/actions-runner'
[2026-07-13 02:58:08Z INFO Listener] Validating directory permissions for: '/actions-runner'
[2026-07-13 02:58:08Z INFO CommandLineParser] Parse
[2026-07-13 02:58:08Z INFO CommandLineParser] Parsing 3 args
[2026-07-13 02:58:08Z INFO CommandLineParser] parsing argument
[2026-07-13 02:58:08Z INFO CommandLineParser] HasArgs: False
[2026-07-13 02:58:08Z INFO CommandLineParser] Adding Command: run
[2026-07-13 02:58:08Z INFO CommandLineParser] parsing argument
[2026-07-13 02:58:08Z INFO CommandLineParser] HasArgs: True
[2026-07-13 02:58:08Z INFO CommandLineParser] arg: startuptype
[2026-07-13 02:58:08Z INFO CommandLineParser] parsing argument
[2026-07-13 02:58:08Z INFO CommandLineParser] HasArgs: True
[2026-07-13 02:58:08Z INFO CommandLineParser] Adding option 'startuptype': 'service'
[2026-07-13 02:58:08Z INFO Listener] Arguments parsed
[2026-07-13 02:58:08Z INFO Runner] ExecuteCommand
[2026-07-13 02:58:08Z INFO ConfigurationStore] currentAssemblyLocation: /actions-runner/bin/Runner.Listener.dll
[2026-07-13 02:58:08Z INFO HostContext] Well known directory 'Bin': '/actions-runner/bin'
[2026-07-13 02:58:08Z INFO ConfigurationStore] binPath: /actions-runner/bin
[2026-07-13 02:58:08Z INFO HostContext] Well known directory 'Bin': '/actions-runner/bin'
[2026-07-13 02:58:08Z INFO HostContext] Well known directory 'Root': '/actions-runner'
[2026-07-13 02:58:08Z INFO ConfigurationStore] RootFolder: /actions-runner
[2026-07-13 02:58:08Z INFO HostContext] Well known directory 'Bin': '/actions-runner/bin'
[2026-07-13 02:58:08Z INFO HostContext] Well known directory 'Root': '/actions-runner'
[2026-07-13 02:58:08Z INFO HostContext] Well known config file 'Runner': '/actions-runner/.runner'
[2026-07-13 02:58:08Z INFO ConfigurationStore] ConfigFilePath: /actions-runner/.runner
[2026-07-13 02:58:08Z INFO HostContext] Well known directory 'Bin': '/actions-runner/bin'
[2026-07-13 02:58:08Z INFO HostContext] Well known directory 'Root': '/actions-runner'
[2026-07-13 02:58:08Z INFO HostContext] Well known config file 'MigratedRunner': '/actions-runner/.runner_migrated'
[2026-07-13 02:58:08Z INFO ConfigurationStore] MigratedConfigFilePath: /actions-runner/.runner_migrated
[2026-07-13 02:58:08Z INFO HostContext] Well known directory 'Bin': '/actions-runner/bin'
[2026-07-13 02:58:08Z INFO HostContext] Well known directory 'Root': '/actions-runner'
[2026-07-13 02:58:08Z INFO HostContext] Well known config file 'Credentials': '/actions-runner/.credentials'
[2026-07-13 02:58:08Z INFO ConfigurationStore] CredFilePath: /actions-runner/.credentials
[2026-07-13 02:58:08Z INFO HostContext] Well known directory 'Bin': '/actions-runner/bin'
[2026-07-13 02:58:08Z INFO HostContext] Well known directory 'Root': '/actions-runner'
[2026-07-13 02:58:08Z INFO HostContext] Well known config file 'MigratedCredentials': '/actions-runner/.credentials_migrated'
[2026-07-13 02:58:08Z INFO ConfigurationStore] MigratedCredFilePath: /actions-runner/.credentials_migrated
[2026-07-13 02:58:08Z INFO HostContext] Well known directory 'Bin': '/actions-runner/bin'
[2026-07-13 02:58:08Z INFO HostContext] Well known directory 'Root': '/actions-runner'
[2026-07-13 02:58:08Z INFO HostContext] Well known config file 'Service': '/actions-runner/.service'
[2026-07-13 02:58:08Z INFO ConfigurationStore] ServiceConfigFilePath: /actions-runner/.service
[2026-07-13 02:58:08Z INFO CommandSettings] Flag 'help': 'False'
[2026-07-13 02:58:08Z INFO CommandSettings] Flag 'version': 'False'
[2026-07-13 02:58:08Z INFO CommandSettings] Flag 'commit': 'False'
[2026-07-13 02:58:08Z INFO CommandSettings] Flag 'check': 'False'
[2026-07-13 02:58:08Z INFO CommandSettings] Command 'configure': 'False'
[2026-07-13 02:58:08Z INFO CommandSettings] Command 'remove': 'False'
[2026-07-13 02:58:08Z INFO CommandSettings] Command 'warmup': 'False'
[2026-07-13 02:58:08Z INFO ConfigurationManager] LoadSettings
[2026-07-13 02:58:08Z INFO ConfigurationStore] IsConfigured()
[2026-07-13 02:58:08Z INFO ConfigurationStore] IsConfigured: False
[2026-07-13 02:58:08Z INFO ConfigurationManager] Is configured: False
[2026-07-13 02:58:08Z ERR  Terminal] WRITE ERROR: An error occurred: Not configured. Run config.(sh/cmd) to configure the runner.
[2026-07-13 02:58:08Z ERR  Listener] GitHub.Runner.Common.NonRetryableException: Not configured. Run config.(sh/cmd) to configure the runner.
   at GitHub.Runner.Listener.Configuration.ConfigurationManager.LoadSettings()
   at GitHub.Runner.Listener.Runner.ExecuteCommand(CommandSettings command)
   at GitHub.Runner.Listener.Program.MainAsync(IHostContext context, String[] args)
