[2026-07-13 02:59:07Z INFO HostContext] No proxy settings were found based on environmental variables (http_proxy/https_proxy/HTTP_PROXY/HTTPS_PROXY)
[2026-07-13 02:59:07Z INFO HostContext] Well known directory 'Bin': '/actions-runner/bin'
[2026-07-13 02:59:07Z INFO HostContext] Well known directory 'Root': '/actions-runner'
[2026-07-13 02:59:07Z INFO HostContext] Well known config file 'Credentials': '/actions-runner/.credentials'
[2026-07-13 02:59:07Z INFO HostContext] Well known directory 'Bin': '/actions-runner/bin'
[2026-07-13 02:59:07Z INFO HostContext] Well known directory 'Root': '/actions-runner'
[2026-07-13 02:59:07Z INFO HostContext] Well known config file 'Runner': '/actions-runner/.runner'
[2026-07-13 02:59:07Z INFO Listener] Runner is built for Linux (X64) - linux-x64.
[2026-07-13 02:59:07Z INFO Listener] RuntimeInformation: Ubuntu 20.04.6 LTS.
[2026-07-13 02:59:07Z INFO Listener] Version: 2.335.1
[2026-07-13 02:59:07Z INFO Listener] Commit: 7d737449ef346f6524f75688d0c9c95fa10ba10a
[2026-07-13 02:59:07Z INFO Listener] Culture: en-US
[2026-07-13 02:59:07Z INFO Listener] UI Culture: en-US
[2026-07-13 02:59:07Z INFO HostContext] Well known directory 'Bin': '/actions-runner/bin'
[2026-07-13 02:59:07Z INFO HostContext] Well known directory 'Root': '/actions-runner'
[2026-07-13 02:59:07Z INFO Listener] Validating directory permissions for: '/actions-runner'
[2026-07-13 02:59:07Z INFO CommandLineParser] Parse
[2026-07-13 02:59:07Z INFO CommandLineParser] Parsing 15 args
[2026-07-13 02:59:07Z INFO CommandLineParser] parsing argument
[2026-07-13 02:59:07Z INFO CommandLineParser] HasArgs: False
[2026-07-13 02:59:07Z INFO CommandLineParser] Adding Command: configure
[2026-07-13 02:59:07Z INFO CommandLineParser] parsing argument
[2026-07-13 02:59:07Z INFO CommandLineParser] HasArgs: True
[2026-07-13 02:59:07Z INFO CommandLineParser] arg: url
[2026-07-13 02:59:07Z INFO CommandLineParser] parsing argument
[2026-07-13 02:59:07Z INFO CommandLineParser] HasArgs: True
[2026-07-13 02:59:07Z INFO CommandLineParser] Adding option 'url': 'https://github.com/edithhd/docker-frontend-backend'
[2026-07-13 02:59:07Z INFO CommandLineParser] parsing argument
[2026-07-13 02:59:07Z INFO CommandLineParser] HasArgs: True
[2026-07-13 02:59:07Z INFO CommandLineParser] arg: token
[2026-07-13 02:59:07Z INFO CommandLineParser] parsing argument
[2026-07-13 02:59:07Z INFO CommandLineParser] HasArgs: True
[2026-07-13 02:59:07Z INFO CommandLineParser] Adding option 'token': '***'
[2026-07-13 02:59:07Z INFO CommandLineParser] parsing argument
[2026-07-13 02:59:07Z INFO CommandLineParser] HasArgs: True
[2026-07-13 02:59:07Z INFO CommandLineParser] arg: name
[2026-07-13 02:59:07Z INFO CommandLineParser] parsing argument
[2026-07-13 02:59:07Z INFO CommandLineParser] HasArgs: True
[2026-07-13 02:59:07Z INFO CommandLineParser] Adding option 'name': 'laptop-runner'
[2026-07-13 02:59:07Z INFO CommandLineParser] parsing argument
[2026-07-13 02:59:07Z INFO CommandLineParser] HasArgs: True
[2026-07-13 02:59:07Z INFO CommandLineParser] arg: work
[2026-07-13 02:59:07Z INFO CommandLineParser] parsing argument
[2026-07-13 02:59:07Z INFO CommandLineParser] HasArgs: True
[2026-07-13 02:59:07Z INFO CommandLineParser] Adding option 'work': '/tmp/aegira-creditappdemo-runner'
[2026-07-13 02:59:07Z INFO CommandLineParser] parsing argument
[2026-07-13 02:59:07Z INFO CommandLineParser] HasArgs: True
[2026-07-13 02:59:07Z INFO CommandLineParser] arg: labels
[2026-07-13 02:59:07Z INFO CommandLineParser] parsing argument
[2026-07-13 02:59:07Z INFO CommandLineParser] HasArgs: True
[2026-07-13 02:59:07Z INFO CommandLineParser] Adding option 'labels': 'docker-local'
[2026-07-13 02:59:07Z INFO CommandLineParser] parsing argument
[2026-07-13 02:59:07Z INFO CommandLineParser] HasArgs: True
[2026-07-13 02:59:07Z INFO CommandLineParser] arg: runnergroup
[2026-07-13 02:59:07Z INFO CommandLineParser] parsing argument
[2026-07-13 02:59:07Z INFO CommandLineParser] HasArgs: True
[2026-07-13 02:59:07Z INFO CommandLineParser] Adding option 'runnergroup': 'Default'
[2026-07-13 02:59:07Z INFO CommandLineParser] parsing argument
[2026-07-13 02:59:07Z INFO CommandLineParser] HasArgs: True
[2026-07-13 02:59:07Z INFO CommandLineParser] arg: unattended
[2026-07-13 02:59:07Z INFO CommandLineParser] parsing argument
[2026-07-13 02:59:07Z INFO CommandLineParser] HasArgs: True
[2026-07-13 02:59:07Z INFO CommandLineParser] arg: replace
[2026-07-13 02:59:07Z INFO CommandLineParser] Adding flag: unattended
[2026-07-13 02:59:07Z INFO Listener] Arguments parsed
[2026-07-13 02:59:07Z INFO Runner] ExecuteCommand
[2026-07-13 02:59:07Z INFO ConfigurationStore] currentAssemblyLocation: /actions-runner/bin/Runner.Listener.dll
[2026-07-13 02:59:07Z INFO HostContext] Well known directory 'Bin': '/actions-runner/bin'
[2026-07-13 02:59:07Z INFO ConfigurationStore] binPath: /actions-runner/bin
[2026-07-13 02:59:07Z INFO HostContext] Well known directory 'Bin': '/actions-runner/bin'
[2026-07-13 02:59:07Z INFO HostContext] Well known directory 'Root': '/actions-runner'
[2026-07-13 02:59:07Z INFO ConfigurationStore] RootFolder: /actions-runner
[2026-07-13 02:59:07Z INFO HostContext] Well known directory 'Bin': '/actions-runner/bin'
[2026-07-13 02:59:07Z INFO HostContext] Well known directory 'Root': '/actions-runner'
[2026-07-13 02:59:07Z INFO HostContext] Well known config file 'Runner': '/actions-runner/.runner'
[2026-07-13 02:59:07Z INFO ConfigurationStore] ConfigFilePath: /actions-runner/.runner
[2026-07-13 02:59:07Z INFO HostContext] Well known directory 'Bin': '/actions-runner/bin'
[2026-07-13 02:59:07Z INFO HostContext] Well known directory 'Root': '/actions-runner'
[2026-07-13 02:59:07Z INFO HostContext] Well known config file 'MigratedRunner': '/actions-runner/.runner_migrated'
[2026-07-13 02:59:07Z INFO ConfigurationStore] MigratedConfigFilePath: /actions-runner/.runner_migrated
[2026-07-13 02:59:07Z INFO HostContext] Well known directory 'Bin': '/actions-runner/bin'
[2026-07-13 02:59:07Z INFO HostContext] Well known directory 'Root': '/actions-runner'
[2026-07-13 02:59:07Z INFO HostContext] Well known config file 'Credentials': '/actions-runner/.credentials'
[2026-07-13 02:59:07Z INFO ConfigurationStore] CredFilePath: /actions-runner/.credentials
[2026-07-13 02:59:07Z INFO HostContext] Well known directory 'Bin': '/actions-runner/bin'
[2026-07-13 02:59:07Z INFO HostContext] Well known directory 'Root': '/actions-runner'
[2026-07-13 02:59:07Z INFO HostContext] Well known config file 'MigratedCredentials': '/actions-runner/.credentials_migrated'
[2026-07-13 02:59:07Z INFO ConfigurationStore] MigratedCredFilePath: /actions-runner/.credentials_migrated
[2026-07-13 02:59:07Z INFO HostContext] Well known directory 'Bin': '/actions-runner/bin'
[2026-07-13 02:59:07Z INFO HostContext] Well known directory 'Root': '/actions-runner'
[2026-07-13 02:59:07Z INFO HostContext] Well known config file 'Service': '/actions-runner/.service'
[2026-07-13 02:59:07Z INFO ConfigurationStore] ServiceConfigFilePath: /actions-runner/.service
[2026-07-13 02:59:07Z INFO CommandSettings] Flag 'help': 'False'
[2026-07-13 02:59:07Z INFO CommandSettings] Flag 'version': 'False'
[2026-07-13 02:59:07Z INFO CommandSettings] Flag 'commit': 'False'
[2026-07-13 02:59:07Z INFO CommandSettings] Flag 'check': 'False'
[2026-07-13 02:59:07Z INFO CommandSettings] Command 'configure': 'True'
[2026-07-13 02:59:07Z INFO Terminal] WRITE LINE: 
[2026-07-13 02:59:07Z INFO Terminal] WRITE LINE: --------------------------------------------------------------------------------
[2026-07-13 02:59:07Z INFO Terminal] WRITE LINE: |        ____ _ _   _   _       _          _        _   _                      |
[2026-07-13 02:59:07Z INFO Terminal] WRITE LINE: |       / ___(_) |_| | | |_   _| |__      / \   ___| |_(_) ___  _ __  ___      |
[2026-07-13 02:59:07Z INFO Terminal] WRITE LINE: |      | |  _| | __| |_| | | | | '_ \    / _ \ / __| __| |/ _ \| '_ \/ __|     |
[2026-07-13 02:59:07Z INFO Terminal] WRITE LINE: |      | |_| | | |_|  _  | |_| | |_) |  / ___ \ (__| |_| | (_) | | | \__ \     |
[2026-07-13 02:59:07Z INFO Terminal] WRITE LINE: |       \____|_|\__|_| |_|\__,_|_.__/  /_/   \_\___|\__|_|\___/|_| |_|___/     |
[2026-07-13 02:59:07Z INFO Terminal] WRITE LINE: |                                                                              |
[2026-07-13 02:59:07Z INFO Terminal] WRITE: |                       
[2026-07-13 02:59:07Z INFO Terminal] WRITE: Self-hosted runner registration
[2026-07-13 02:59:07Z INFO Terminal] WRITE LINE:                         |
[2026-07-13 02:59:07Z INFO Terminal] WRITE LINE: |                                                                              |
[2026-07-13 02:59:07Z INFO Terminal] WRITE LINE: --------------------------------------------------------------------------------
[2026-07-13 02:59:07Z INFO ConfigurationManager] ConfigureAsync
[2026-07-13 02:59:07Z INFO CommandSettings] Flag 'generateServiceConfig': 'False'
[2026-07-13 02:59:07Z INFO ConfigurationStore] IsConfigured()
[2026-07-13 02:59:07Z INFO ConfigurationStore] IsConfigured: False
[2026-07-13 02:59:07Z INFO ConfigurationManager] Is configured: False
[2026-07-13 02:59:07Z INFO CommandSettings] Arg 'url': 'https://github.com/edithhd/docker-frontend-backend'
[2026-07-13 02:59:07Z INFO CommandSettings] Remove url from Arg dictionary.
[2026-07-13 02:59:07Z INFO CommandSettings] Arg 'token': '***'
[2026-07-13 02:59:07Z INFO CommandSettings] Remove token from Arg dictionary.
[2026-07-13 02:59:08Z ERR  Terminal] WRITE ERROR: Http response code: NotFound from 'POST https://api.github.com/actions/runner-registration' (Request Id: FC09:13B50B:C2DDBE:CB6E1C:6A54547B)
[2026-07-13 02:59:08Z ERR  Terminal] WRITE ERROR: {"message":"Not Found","documentation_url":"https://docs.github.com/rest","status":"404"}
[2026-07-13 02:59:08Z ERR  Runner] System.Net.Http.HttpRequestException: Response status code does not indicate success: 404 (Not Found).
   at System.Net.Http.HttpResponseMessage.EnsureSuccessStatusCode()
   at GitHub.Runner.Listener.Configuration.ConfigurationManager.GetTenantCredential(String githubUrl, String githubToken, String runnerEvent)
   at GitHub.Runner.Listener.Configuration.ConfigurationManager.ConfigureAsync(CommandSettings command)
   at GitHub.Runner.Listener.Runner.ExecuteCommand(CommandSettings command)
[2026-07-13 02:59:08Z ERR  Terminal] WRITE ERROR: Response status code does not indicate success: 404 (Not Found).
[2026-07-13 02:59:08Z INFO Listener] Runner execution has finished with return code 1
