[2026-07-13 03:01:11Z INFO HostContext] No proxy settings were found based on environmental variables (http_proxy/https_proxy/HTTP_PROXY/HTTPS_PROXY)
[2026-07-13 03:01:11Z INFO HostContext] Well known directory 'Bin': '/actions-runner/bin'
[2026-07-13 03:01:11Z INFO HostContext] Well known directory 'Root': '/actions-runner'
[2026-07-13 03:01:11Z INFO HostContext] Well known config file 'Credentials': '/actions-runner/.credentials'
[2026-07-13 03:01:11Z INFO HostContext] Well known directory 'Bin': '/actions-runner/bin'
[2026-07-13 03:01:11Z INFO HostContext] Well known directory 'Root': '/actions-runner'
[2026-07-13 03:01:11Z INFO HostContext] Well known config file 'Runner': '/actions-runner/.runner'
[2026-07-13 03:01:11Z INFO Listener] Runner is built for Linux (X64) - linux-x64.
[2026-07-13 03:01:11Z INFO Listener] RuntimeInformation: Ubuntu 20.04.6 LTS.
[2026-07-13 03:01:11Z INFO Listener] Version: 2.335.1
[2026-07-13 03:01:11Z INFO Listener] Commit: 7d737449ef346f6524f75688d0c9c95fa10ba10a
[2026-07-13 03:01:11Z INFO Listener] Culture: en-US
[2026-07-13 03:01:11Z INFO Listener] UI Culture: en-US
[2026-07-13 03:01:11Z INFO HostContext] Well known directory 'Bin': '/actions-runner/bin'
[2026-07-13 03:01:11Z INFO HostContext] Well known directory 'Root': '/actions-runner'
[2026-07-13 03:01:11Z INFO Listener] Validating directory permissions for: '/actions-runner'
[2026-07-13 03:01:11Z INFO CommandLineParser] Parse
[2026-07-13 03:01:11Z INFO CommandLineParser] Parsing 15 args
[2026-07-13 03:01:11Z INFO CommandLineParser] parsing argument
[2026-07-13 03:01:11Z INFO CommandLineParser] HasArgs: False
[2026-07-13 03:01:11Z INFO CommandLineParser] Adding Command: configure
[2026-07-13 03:01:11Z INFO CommandLineParser] parsing argument
[2026-07-13 03:01:11Z INFO CommandLineParser] HasArgs: True
[2026-07-13 03:01:11Z INFO CommandLineParser] arg: url
[2026-07-13 03:01:11Z INFO CommandLineParser] parsing argument
[2026-07-13 03:01:11Z INFO CommandLineParser] HasArgs: True
[2026-07-13 03:01:11Z INFO CommandLineParser] Adding option 'url': 'https://github.com/edithhd/docker-frontend-backend'
[2026-07-13 03:01:11Z INFO CommandLineParser] parsing argument
[2026-07-13 03:01:11Z INFO CommandLineParser] HasArgs: True
[2026-07-13 03:01:11Z INFO CommandLineParser] arg: token
[2026-07-13 03:01:11Z INFO CommandLineParser] parsing argument
[2026-07-13 03:01:11Z INFO CommandLineParser] HasArgs: True
[2026-07-13 03:01:11Z INFO CommandLineParser] Adding option 'token': '***'
[2026-07-13 03:01:11Z INFO CommandLineParser] parsing argument
[2026-07-13 03:01:11Z INFO CommandLineParser] HasArgs: True
[2026-07-13 03:01:11Z INFO CommandLineParser] arg: name
[2026-07-13 03:01:11Z INFO CommandLineParser] parsing argument
[2026-07-13 03:01:11Z INFO CommandLineParser] HasArgs: True
[2026-07-13 03:01:11Z INFO CommandLineParser] Adding option 'name': 'laptop-runner-2'
[2026-07-13 03:01:11Z INFO CommandLineParser] parsing argument
[2026-07-13 03:01:11Z INFO CommandLineParser] HasArgs: True
[2026-07-13 03:01:11Z INFO CommandLineParser] arg: work
[2026-07-13 03:01:11Z INFO CommandLineParser] parsing argument
[2026-07-13 03:01:11Z INFO CommandLineParser] HasArgs: True
[2026-07-13 03:01:11Z INFO CommandLineParser] Adding option 'work': '/tmp/aegira-creditappdemo-runner-2'
[2026-07-13 03:01:11Z INFO CommandLineParser] parsing argument
[2026-07-13 03:01:11Z INFO CommandLineParser] HasArgs: True
[2026-07-13 03:01:11Z INFO CommandLineParser] arg: labels
[2026-07-13 03:01:11Z INFO CommandLineParser] parsing argument
[2026-07-13 03:01:11Z INFO CommandLineParser] HasArgs: True
[2026-07-13 03:01:11Z INFO CommandLineParser] Adding option 'labels': 'docker-local'
[2026-07-13 03:01:11Z INFO CommandLineParser] parsing argument
[2026-07-13 03:01:11Z INFO CommandLineParser] HasArgs: True
[2026-07-13 03:01:11Z INFO CommandLineParser] arg: runnergroup
[2026-07-13 03:01:11Z INFO CommandLineParser] parsing argument
[2026-07-13 03:01:11Z INFO CommandLineParser] HasArgs: True
[2026-07-13 03:01:11Z INFO CommandLineParser] Adding option 'runnergroup': 'Default'
[2026-07-13 03:01:11Z INFO CommandLineParser] parsing argument
[2026-07-13 03:01:11Z INFO CommandLineParser] HasArgs: True
[2026-07-13 03:01:11Z INFO CommandLineParser] arg: unattended
[2026-07-13 03:01:11Z INFO CommandLineParser] parsing argument
[2026-07-13 03:01:11Z INFO CommandLineParser] HasArgs: True
[2026-07-13 03:01:11Z INFO CommandLineParser] arg: replace
[2026-07-13 03:01:11Z INFO CommandLineParser] Adding flag: unattended
[2026-07-13 03:01:11Z INFO Listener] Arguments parsed
[2026-07-13 03:01:11Z INFO Runner] ExecuteCommand
[2026-07-13 03:01:11Z INFO ConfigurationStore] currentAssemblyLocation: /actions-runner/bin/Runner.Listener.dll
[2026-07-13 03:01:11Z INFO HostContext] Well known directory 'Bin': '/actions-runner/bin'
[2026-07-13 03:01:11Z INFO ConfigurationStore] binPath: /actions-runner/bin
[2026-07-13 03:01:11Z INFO HostContext] Well known directory 'Bin': '/actions-runner/bin'
[2026-07-13 03:01:11Z INFO HostContext] Well known directory 'Root': '/actions-runner'
[2026-07-13 03:01:11Z INFO ConfigurationStore] RootFolder: /actions-runner
[2026-07-13 03:01:11Z INFO HostContext] Well known directory 'Bin': '/actions-runner/bin'
[2026-07-13 03:01:11Z INFO HostContext] Well known directory 'Root': '/actions-runner'
[2026-07-13 03:01:11Z INFO HostContext] Well known config file 'Runner': '/actions-runner/.runner'
[2026-07-13 03:01:11Z INFO ConfigurationStore] ConfigFilePath: /actions-runner/.runner
[2026-07-13 03:01:11Z INFO HostContext] Well known directory 'Bin': '/actions-runner/bin'
[2026-07-13 03:01:11Z INFO HostContext] Well known directory 'Root': '/actions-runner'
[2026-07-13 03:01:11Z INFO HostContext] Well known config file 'MigratedRunner': '/actions-runner/.runner_migrated'
[2026-07-13 03:01:11Z INFO ConfigurationStore] MigratedConfigFilePath: /actions-runner/.runner_migrated
[2026-07-13 03:01:11Z INFO HostContext] Well known directory 'Bin': '/actions-runner/bin'
[2026-07-13 03:01:11Z INFO HostContext] Well known directory 'Root': '/actions-runner'
[2026-07-13 03:01:11Z INFO HostContext] Well known config file 'Credentials': '/actions-runner/.credentials'
[2026-07-13 03:01:11Z INFO ConfigurationStore] CredFilePath: /actions-runner/.credentials
[2026-07-13 03:01:11Z INFO HostContext] Well known directory 'Bin': '/actions-runner/bin'
[2026-07-13 03:01:11Z INFO HostContext] Well known directory 'Root': '/actions-runner'
[2026-07-13 03:01:11Z INFO HostContext] Well known config file 'MigratedCredentials': '/actions-runner/.credentials_migrated'
[2026-07-13 03:01:11Z INFO ConfigurationStore] MigratedCredFilePath: /actions-runner/.credentials_migrated
[2026-07-13 03:01:11Z INFO HostContext] Well known directory 'Bin': '/actions-runner/bin'
[2026-07-13 03:01:11Z INFO HostContext] Well known directory 'Root': '/actions-runner'
[2026-07-13 03:01:11Z INFO HostContext] Well known config file 'Service': '/actions-runner/.service'
[2026-07-13 03:01:11Z INFO ConfigurationStore] ServiceConfigFilePath: /actions-runner/.service
[2026-07-13 03:01:11Z INFO CommandSettings] Flag 'help': 'False'
[2026-07-13 03:01:11Z INFO CommandSettings] Flag 'version': 'False'
[2026-07-13 03:01:11Z INFO CommandSettings] Flag 'commit': 'False'
[2026-07-13 03:01:11Z INFO CommandSettings] Flag 'check': 'False'
[2026-07-13 03:01:11Z INFO CommandSettings] Command 'configure': 'True'
[2026-07-13 03:01:11Z INFO Terminal] WRITE LINE: 
[2026-07-13 03:01:11Z INFO Terminal] WRITE LINE: --------------------------------------------------------------------------------
[2026-07-13 03:01:11Z INFO Terminal] WRITE LINE: |        ____ _ _   _   _       _          _        _   _                      |
[2026-07-13 03:01:11Z INFO Terminal] WRITE LINE: |       / ___(_) |_| | | |_   _| |__      / \   ___| |_(_) ___  _ __  ___      |
[2026-07-13 03:01:11Z INFO Terminal] WRITE LINE: |      | |  _| | __| |_| | | | | '_ \    / _ \ / __| __| |/ _ \| '_ \/ __|     |
[2026-07-13 03:01:11Z INFO Terminal] WRITE LINE: |      | |_| | | |_|  _  | |_| | |_) |  / ___ \ (__| |_| | (_) | | | \__ \     |
[2026-07-13 03:01:11Z INFO Terminal] WRITE LINE: |       \____|_|\__|_| |_|\__,_|_.__/  /_/   \_\___|\__|_|\___/|_| |_|___/     |
[2026-07-13 03:01:11Z INFO Terminal] WRITE LINE: |                                                                              |
[2026-07-13 03:01:11Z INFO Terminal] WRITE: |                       
[2026-07-13 03:01:11Z INFO Terminal] WRITE: Self-hosted runner registration
[2026-07-13 03:01:11Z INFO Terminal] WRITE LINE:                         |
[2026-07-13 03:01:11Z INFO Terminal] WRITE LINE: |                                                                              |
[2026-07-13 03:01:11Z INFO Terminal] WRITE LINE: --------------------------------------------------------------------------------
[2026-07-13 03:01:11Z INFO ConfigurationManager] ConfigureAsync
[2026-07-13 03:01:11Z INFO CommandSettings] Flag 'generateServiceConfig': 'False'
[2026-07-13 03:01:11Z INFO ConfigurationStore] IsConfigured()
[2026-07-13 03:01:11Z INFO ConfigurationStore] IsConfigured: False
[2026-07-13 03:01:11Z INFO ConfigurationManager] Is configured: False
[2026-07-13 03:01:11Z INFO CommandSettings] Arg 'url': 'https://github.com/edithhd/docker-frontend-backend'
[2026-07-13 03:01:11Z INFO CommandSettings] Remove url from Arg dictionary.
[2026-07-13 03:01:11Z INFO CommandSettings] Arg 'token': '***'
[2026-07-13 03:01:11Z INFO CommandSettings] Remove token from Arg dictionary.
[2026-07-13 03:01:11Z INFO ConfigurationManager] Http response code: OK from 'POST https://api.github.com/actions/runner-registration' (F215:28D9ED:B43C1E:BCD958:6A5454F7)
[2026-07-13 03:01:11Z INFO ConfigurationManager] Using runner-admin flow: False
[2026-07-13 03:01:11Z INFO ConfigurationManager] cred retrieved via GitHub auth
[2026-07-13 03:01:11Z INFO RunnerServer] EstablishVssConnection
[2026-07-13 03:01:11Z INFO RunnerServer] Establish connection with 100 seconds timeout.
[2026-07-13 03:01:11Z INFO GitHubActionsService] Starting operation Location.GetConnectionData
[2026-07-13 03:01:11Z INFO RunnerServer] EstablishVssConnection
[2026-07-13 03:01:11Z INFO RunnerServer] Establish connection with 60 seconds timeout.
[2026-07-13 03:01:11Z INFO GitHubActionsService] Starting operation Location.GetConnectionData
[2026-07-13 03:01:11Z INFO RunnerServer] EstablishVssConnection
[2026-07-13 03:01:11Z INFO RunnerServer] Establish connection with 60 seconds timeout.
[2026-07-13 03:01:11Z INFO GitHubActionsService] Starting operation Location.GetConnectionData
[2026-07-13 03:01:14Z INFO GitHubActionsService] Finished operation Location.GetConnectionData
[2026-07-13 03:01:14Z INFO GitHubActionsService] Finished operation Location.GetConnectionData
[2026-07-13 03:01:14Z INFO GitHubActionsService] Finished operation Location.GetConnectionData
[2026-07-13 03:01:14Z INFO Terminal] WRITE LINE: 
[2026-07-13 03:01:14Z INFO ConfigurationManager] Test Connection complete.
[2026-07-13 03:01:14Z INFO HostContext] Well known directory 'Bin': '/actions-runner/bin'
[2026-07-13 03:01:14Z INFO HostContext] Well known directory 'Root': '/actions-runner'
[2026-07-13 03:01:14Z INFO HostContext] Well known config file 'RSACredentials': '/actions-runner/.credentials_rsaparams'
[2026-07-13 03:01:14Z INFO RSAFileKeyManager] Creating new RSA key using 2048-bit key length
[2026-07-13 03:01:14Z INFO RSAFileKeyManager] Successfully saved RSA key parameters to file /actions-runner/.credentials_rsaparams
[2026-07-13 03:01:14Z INFO RSAFileKeyManager] Which2: 'chmod'
[2026-07-13 03:01:14Z INFO RSAFileKeyManager] Location: '/usr/bin/chmod'
[2026-07-13 03:01:14Z INFO HostContext] Well known directory 'Bin': '/actions-runner/bin'
[2026-07-13 03:01:14Z INFO HostContext] Well known directory 'Root': '/actions-runner'
[2026-07-13 03:01:14Z INFO ProcessInvokerWrapper] Starting process:
[2026-07-13 03:01:14Z INFO ProcessInvokerWrapper]   File name: '/usr/bin/chmod'
[2026-07-13 03:01:14Z INFO ProcessInvokerWrapper]   Arguments: '600 /actions-runner/.credentials_rsaparams'
[2026-07-13 03:01:14Z INFO ProcessInvokerWrapper]   Working directory: '/actions-runner'
[2026-07-13 03:01:14Z INFO ProcessInvokerWrapper]   Require exit code zero: 'False'
[2026-07-13 03:01:14Z INFO ProcessInvokerWrapper]   Encoding web name:  ; code page: ''
[2026-07-13 03:01:14Z INFO ProcessInvokerWrapper]   Force kill process on cancellation: 'False'
[2026-07-13 03:01:14Z INFO ProcessInvokerWrapper]   Redirected STDIN: 'False'
[2026-07-13 03:01:14Z INFO ProcessInvokerWrapper]   Persist current code page: 'False'
[2026-07-13 03:01:14Z INFO ProcessInvokerWrapper]   Keep redirected STDIN open: 'False'
[2026-07-13 03:01:14Z INFO ProcessInvokerWrapper]   High priority process: 'False'
[2026-07-13 03:01:14Z INFO ProcessInvokerWrapper] Process started with process id 63, waiting for process exit.
[2026-07-13 03:01:14Z INFO ProcessInvokerWrapper] STDOUT/STDERR stream read finished.
[2026-07-13 03:01:14Z INFO ProcessInvokerWrapper] STDOUT/STDERR stream read finished.
[2026-07-13 03:01:14Z INFO ProcessInvokerWrapper] Finished process 63 with exit code 0, and elapsed time 00:00:00.0119230.
[2026-07-13 03:01:14Z INFO RSAFileKeyManager] Successfully set permissions for RSA key parameters file /actions-runner/.credentials_rsaparams
[2026-07-13 03:01:14Z INFO CommandSettings] Arg 'runnergroup': 'Default'
[2026-07-13 03:01:14Z INFO CommandSettings] Remove runnergroup from Arg dictionary.
[2026-07-13 03:01:14Z INFO Terminal] WRITE LINE: 
[2026-07-13 03:01:14Z INFO ConfigurationManager] Found a self-hosted runner group with id 1 and name Default
[2026-07-13 03:01:14Z INFO CommandSettings] Flag 'disableupdate': 'False'
[2026-07-13 03:01:14Z INFO CommandSettings] Flag 'ephemeral': 'False'
[2026-07-13 03:01:14Z INFO CommandSettings] Arg 'name': 'laptop-runner-2'
[2026-07-13 03:01:14Z INFO CommandSettings] Remove name from Arg dictionary.
[2026-07-13 03:01:14Z INFO Terminal] WRITE LINE: 
[2026-07-13 03:01:14Z INFO CommandSettings] Arg 'labels': 'docker-local'
[2026-07-13 03:01:14Z INFO CommandSettings] Remove labels from Arg dictionary.
[2026-07-13 03:01:14Z INFO Terminal] WRITE LINE: 
[2026-07-13 03:01:15Z INFO CommandSettings] Flag 'disableupdate': 'False'
[2026-07-13 03:01:15Z INFO CommandSettings] Flag 'no-default-labels': 'False'
[2026-07-13 03:01:15Z INFO CommandSettings] Flag 'disableupdate': 'False'
[2026-07-13 03:01:15Z INFO CommandSettings] Flag 'ephemeral': 'False'
[2026-07-13 03:01:15Z INFO ConfigurationStore] Saving OAuth credential @ /actions-runner/.credentials
[2026-07-13 03:01:15Z INFO ConfigurationStore] Credentials Saved.
[2026-07-13 03:01:15Z INFO ConfigurationManager] Service enforced serverUrlV2: https://broker.actions.githubusercontent.com/
[2026-07-13 03:01:15Z INFO ConfigurationManager] Service enforced useV2Flow: True
[2026-07-13 03:01:15Z INFO CommandSettings] Arg 'work': '/tmp/aegira-creditappdemo-runner-2'
[2026-07-13 03:01:15Z INFO CommandSettings] Remove work from Arg dictionary.
[2026-07-13 03:01:15Z INFO ConfigurationStore] Saving runner settings.
[2026-07-13 03:01:15Z INFO ConfigurationStore] Settings Saved.
[2026-07-13 03:01:15Z INFO Terminal] WRITE LINE: 
[2026-07-13 03:01:15Z INFO Terminal] WRITE LINE: 
[2026-07-13 03:01:15Z INFO SystemDControlManager] Service name 'actions.runner.edithhd-docker-frontend-backend.laptop-runner-2.service' display name 'GitHub Actions Runner (edithhd-docker-frontend-backend.laptop-runner-2)' will be used for service configuration.
[2026-07-13 03:01:15Z INFO HostContext] Well known directory 'Bin': '/actions-runner/bin'
[2026-07-13 03:01:15Z INFO HostContext] Well known directory 'Root': '/actions-runner'
[2026-07-13 03:01:15Z INFO HostContext] Well known directory 'Bin': '/actions-runner/bin'
[2026-07-13 03:01:15Z INFO HostContext] Well known directory 'Bin': '/actions-runner/bin'
[2026-07-13 03:01:15Z INFO HostContext] Well known directory 'Root': '/actions-runner'
[2026-07-13 03:01:15Z INFO UnixUtil] Which2: 'chmod'
[2026-07-13 03:01:15Z INFO UnixUtil] Location: '/usr/bin/chmod'
[2026-07-13 03:01:15Z INFO UnixUtil] Running /usr/bin/chmod 755 "/actions-runner/svc.sh"
[2026-07-13 03:01:15Z INFO ProcessInvokerWrapper] Starting process:
[2026-07-13 03:01:15Z INFO ProcessInvokerWrapper]   File name: '/usr/bin/chmod'
[2026-07-13 03:01:15Z INFO ProcessInvokerWrapper]   Arguments: '755 "/actions-runner/svc.sh"'
[2026-07-13 03:01:15Z INFO ProcessInvokerWrapper]   Working directory: '/actions-runner'
[2026-07-13 03:01:15Z INFO ProcessInvokerWrapper]   Require exit code zero: 'True'
[2026-07-13 03:01:15Z INFO ProcessInvokerWrapper]   Encoding web name:  ; code page: ''
[2026-07-13 03:01:15Z INFO ProcessInvokerWrapper]   Force kill process on cancellation: 'False'
[2026-07-13 03:01:15Z INFO ProcessInvokerWrapper]   Redirected STDIN: 'False'
[2026-07-13 03:01:15Z INFO ProcessInvokerWrapper]   Persist current code page: 'False'
[2026-07-13 03:01:15Z INFO ProcessInvokerWrapper]   Keep redirected STDIN open: 'False'
[2026-07-13 03:01:15Z INFO ProcessInvokerWrapper]   High priority process: 'False'
[2026-07-13 03:01:15Z INFO ProcessInvokerWrapper] Updated oom_score_adj to 500 for PID: 65.
[2026-07-13 03:01:15Z INFO ProcessInvokerWrapper] Process started with process id 65, waiting for process exit.
[2026-07-13 03:01:15Z INFO ProcessInvokerWrapper] STDOUT/STDERR stream read finished.
[2026-07-13 03:01:15Z INFO ProcessInvokerWrapper] STDOUT/STDERR stream read finished.
[2026-07-13 03:01:15Z INFO ProcessInvokerWrapper] Finished process 65 with exit code 0, and elapsed time 00:00:00.0026147.
[2026-07-13 03:01:15Z INFO Listener] Runner execution has finished with return code 0
